#
# There is insufficient memory for the Java Runtime Environment to continue.
# Native memory allocation (malloc) failed to allocate 292576 bytes for Chunk::new
# Possible reasons:
#   The system is out of physical RAM or swap space
#   The process is running with CompressedOops enabled, and the Java Heap may be blocking the growth of the native heap
# Possible solutions:
#   Reduce memory load on the system
#   Increase physical memory or swap space
#   Check if swap backing store is full
#   Decrease Java heap size (-Xmx/-Xms)
#   Decrease number of Java threads
#   Decrease Java thread stack sizes (-Xss)
#   Set larger code cache with -XX:ReservedCodeCacheSize=
#   JVM is running with Zero Based Compressed Oops mode in which the Java heap is
#     placed in the first 32GB address space. The Java Heap base address is the
#     maximum limit for the native heap growth. Please use -XX:HeapBaseMinAddress
#     to set the Java Heap base and to place the Java Heap above 32GB virtual address.
# This output file may be truncated or incomplete.
#
#  Out of Memory Error (arena.cpp:168), pid=5608, tid=656
#
# JRE version: OpenJDK Runtime Environment Temurin-21.0.2+13 (21.0.2+13) (build 21.0.2+13-LTS)
# Java VM: OpenJDK 64-Bit Server VM Temurin-21.0.2+13 (21.0.2+13-LTS, mixed mode, sharing, tiered, compressed oops, compressed class ptrs, g1 gc, windows-amd64)
# No core dump will be written. Minidumps are not enabled by default on client versions of Windows
#

---------------  S U M M A R Y ------------

Command Line: -Dclassworlds.conf=C:\Program Files\apache-maven-3.9.8\bin\m2.conf -Dmaven.home=C:\Program Files\apache-maven-3.9.8 -Dlibrary.jansi.path=C:\Program Files\apache-maven-3.9.8\lib\jansi-native -Dmaven.multiModuleProjectDirectory=C:\Users\Owner\Documents\taco-cloud org.codehaus.plexus.classworlds.launcher.Launcher clean compile

Host: AMD Ryzen 5 5500U with Radeon Graphics         , 12 cores, 15G,  Windows 10 , 64 bit Build 19041 (10.0.19041.3636)
Time: Sat Aug  3 07:14:22 2024 Eastern Daylight Time elapsed time: 4.618198 seconds (0d 0h 0m 4s)

---------------  T H R E A D  ---------------

Current thread (0x0000015a86241100):  JavaThread "C2 CompilerThread0" daemon [_thread_in_native, id=656, stack(0x0000001710100000,0x0000001710200000) (1024K)]


Current CompileTask:
C2:   4618 4140       4       java.util.concurrent.ConcurrentHashMap::putAll (63 bytes)

Stack: [0x0000001710100000,0x0000001710200000]
Native frames: (J=compiled Java code, j=interpreted, Vv=VM code, C=native code)
V  [jvm.dll+0x6c94f9]
V  [jvm.dll+0x8a3c21]
V  [jvm.dll+0x8a614e]
V  [jvm.dll+0x8a6823]
V  [jvm.dll+0x27fa86]
V  [jvm.dll+0xc4a2d]
V  [jvm.dll+0xc4f63]
V  [jvm.dll+0x2f278f]
V  [jvm.dll+0x5f2c9a]
V  [jvm.dll+0x25112f]
V  [jvm.dll+0x25150f]
V  [jvm.dll+0x249dd4]
V  [jvm.dll+0x24747b]
V  [jvm.dll+0x1c847e]
V  [jvm.dll+0x256db9]
V  [jvm.dll+0x25538a]
V  [jvm.dll+0x3ed0d6]
V  [jvm.dll+0x84cb3b]
V  [jvm.dll+0x6c7c2d]
C  [ucrtbase.dll+0x21bb2]
C  [KERNEL32.DLL+0x17344]
C  [ntdll.dll+0x4cc91]


---------------  P R O C E S S  ---------------

Threads class SMR info:
_java_thread_list=0x0000015acca9b830, length=14, elements={
0x0000015ae498de10, 0x0000015a86236090, 0x0000015a86236fc0, 0x0000015a8623c700,
0x0000015a8623c070, 0x0000015a8623dab0, 0x0000015a8623b350, 0x0000015a86241100,
0x0000015a8624e380, 0x0000015a8623acc0, 0x0000015a8623b9e0, 0x0000015a869173a0,
0x0000015a8623cd90, 0x0000015a86915860
}

Java Threads: ( => current thread )
  0x0000015ae498de10 JavaThread "main"                              [_thread_in_native, id=7264, stack(0x000000170f300000,0x000000170f400000) (1024K)]
  0x0000015a86236090 JavaThread "Reference Handler"          daemon [_thread_blocked, id=34064, stack(0x000000170fb00000,0x000000170fc00000) (1024K)]
  0x0000015a86236fc0 JavaThread "Finalizer"                  daemon [_thread_blocked, id=7804, stack(0x000000170fc00000,0x000000170fd00000) (1024K)]
  0x0000015a8623c700 JavaThread "Signal Dispatcher"          daemon [_thread_blocked, id=15084, stack(0x000000170fd00000,0x000000170fe00000) (1024K)]
  0x0000015a8623c070 JavaThread "Attach Listener"            daemon [_thread_blocked, id=13992, stack(0x000000170fe00000,0x000000170ff00000) (1024K)]
  0x0000015a8623dab0 JavaThread "Service Thread"             daemon [_thread_blocked, id=33748, stack(0x000000170ff00000,0x0000001710000000) (1024K)]
  0x0000015a8623b350 JavaThread "Monitor Deflation Thread"   daemon [_thread_blocked, id=25332, stack(0x0000001710000000,0x0000001710100000) (1024K)]
=>0x0000015a86241100 JavaThread "C2 CompilerThread0"         daemon [_thread_in_native, id=656, stack(0x0000001710100000,0x0000001710200000) (1024K)]
  0x0000015a8624e380 JavaThread "C1 CompilerThread0"         daemon [_thread_blocked, id=30532, stack(0x0000001710200000,0x0000001710300000) (1024K)]
  0x0000015a8623acc0 JavaThread "Notification Thread"        daemon [_thread_blocked, id=28056, stack(0x0000001710300000,0x0000001710400000) (1024K)]
  0x0000015a8623b9e0 JavaThread "Common-Cleaner"             daemon [_thread_blocked, id=19404, stack(0x0000001710400000,0x0000001710500000) (1024K)]
  0x0000015a869173a0 JavaThread "C2 CompilerThread1"         daemon [_thread_in_native, id=24076, stack(0x0000001710500000,0x0000001710600000) (1024K)]
  0x0000015a8623cd90 JavaThread "Thread-1"                   daemon [_thread_blocked, id=15496, stack(0x0000001710600000,0x0000001710700000) (1024K)]
  0x0000015a86915860 JavaThread "C2 CompilerThread2"         daemon [_thread_in_native, id=29056, stack(0x0000001711000000,0x0000001711100000) (1024K)]
Total: 14

Other Threads:
  0x0000015a86217790 VMThread "VM Thread"                           [id=33916, stack(0x000000170fa00000,0x000000170fb00000) (1024K)]
  0x0000015a861fea20 WatcherThread "VM Periodic Task Thread"        [id=13580, stack(0x000000170f900000,0x000000170fa00000) (1024K)]
  0x0000015ae6c417e0 WorkerThread "GC Thread#0"                     [id=17964, stack(0x000000170f400000,0x000000170f500000) (1024K)]
  0x0000015acc13a390 WorkerThread "GC Thread#1"                     [id=33532, stack(0x0000001710700000,0x0000001710800000) (1024K)]
  0x0000015acc2fd930 WorkerThread "GC Thread#2"                     [id=17580, stack(0x0000001710800000,0x0000001710900000) (1024K)]
  0x0000015acc2fe0d0 WorkerThread "GC Thread#3"                     [id=23172, stack(0x0000001710900000,0x0000001710a00000) (1024K)]
  0x0000015acc8f2550 WorkerThread "GC Thread#4"                     [id=20572, stack(0x0000001710a00000,0x0000001710b00000) (1024K)]
  0x0000015acc169500 WorkerThread "GC Thread#5"                     [id=2816, stack(0x0000001710b00000,0x0000001710c00000) (1024K)]
  0x0000015acc1698a0 WorkerThread "GC Thread#6"                     [id=13780, stack(0x0000001710c00000,0x0000001710d00000) (1024K)]
  0x0000015acc169c40 WorkerThread "GC Thread#7"                     [id=28444, stack(0x0000001710d00000,0x0000001710e00000) (1024K)]
  0x0000015a86f62bb0 WorkerThread "GC Thread#8"                     [id=4192, stack(0x0000001710e00000,0x0000001710f00000) (1024K)]
  0x0000015a86f62810 WorkerThread "GC Thread#9"                     [id=21116, stack(0x0000001710f00000,0x0000001711000000) (1024K)]
  0x0000015ae6c51e00 ConcurrentGCThread "G1 Main Marker"            [id=11536, stack(0x000000170f500000,0x000000170f600000) (1024K)]
  0x0000015ae6c52810 WorkerThread "G1 Conc#0"                       [id=32368, stack(0x000000170f600000,0x000000170f700000) (1024K)]
  0x0000015ae6cadc60 ConcurrentGCThread "G1 Refine#0"               [id=27452, stack(0x000000170f700000,0x000000170f800000) (1024K)]
  0x0000015ae6cae6e0 ConcurrentGCThread "G1 Service"                [id=10924, stack(0x000000170f800000,0x000000170f900000) (1024K)]
Total: 16

Threads with active compile tasks:
C2 CompilerThread0     4711 4140       4       java.util.concurrent.ConcurrentHashMap::putAll (63 bytes)
C2 CompilerThread1     4711 3862   !   4       org.codehaus.plexus.interpolation.StringSearchInterpolator::interpolate (668 bytes)
C2 CompilerThread2     4711 4118   !   4       org.apache.maven.model.Plugin::clone (204 bytes)
Total: 3

VM state: not at safepoint (normal execution)

VM Mutex/Monitor currently owned by a thread: None

Heap address: 0x000000070a800000, size: 3928 MB, Compressed Oops mode: Zero based, Oop shift amount: 3

CDS archive(s) mapped at: [0x0000015a87000000-0x0000015a87c90000-0x0000015a87c90000), size 13172736, SharedBaseAddress: 0x0000015a87000000, ArchiveRelocationMode: 1.
Compressed class space mapped at: 0x0000015a88000000-0x0000015ac8000000, reserved size: 1073741824
Narrow klass base: 0x0000015a87000000, Narrow klass shift: 0, Narrow klass range: 0x100000000

GC Precious Log:
 CardTable entry size: 512
 Card Set container configuration: InlinePtr #cards 4 size 8 Array Of Cards #cards 16 size 48 Howl #buckets 8 coarsen threshold 3686 Howl Bitmap #cards 512 size 80 coarsen threshold 460 Card regions per heap region 1 cards per card region 4096
 CPUs: 12 total, 12 available
 Memory: 15709M
 Large Page Support: Disabled
 NUMA Support: Disabled
 Compressed Oops: Enabled (Zero based)
 Heap Region Size: 2M
 Heap Min Capacity: 8M
 Heap Initial Capacity: 246M
 Heap Max Capacity: 3928M
 Pre-touch: Disabled
 Parallel Workers: 10
 Concurrent Workers: 3
 Concurrent Refinement Workers: 10
 Periodic GC: Disabled

Heap:
 garbage-first heap   total 251904K, used 85622K [0x000000070a800000, 0x0000000800000000)
  region size 2048K, 41 young (83968K), 1 survivors (2048K)
 Metaspace       used 16145K, committed 16384K, reserved 1114112K
  class space    used 1873K, committed 1984K, reserved 1048576K

Heap Regions: E=young(eden), S=young(survivor), O=old, HS=humongous(starts), HC=humongous(continues), CS=collection set, F=free, TAMS=top-at-mark-start, PB=parsable bottom
|   0|0x000000070a800000, 0x000000070aa00000, 0x000000070aa00000|100%| O|  |TAMS 0x000000070a800000| PB 0x000000070a800000| Untracked 
|   1|0x000000070aa00000, 0x000000070abb19b0, 0x000000070ac00000| 84%| O|  |TAMS 0x000000070aa00000| PB 0x000000070aa00000| Untracked 
|   2|0x000000070ac00000, 0x000000070ac00000, 0x000000070ae00000|  0%| F|  |TAMS 0x000000070ac00000| PB 0x000000070ac00000| Untracked 
|   3|0x000000070ae00000, 0x000000070ae00000, 0x000000070b000000|  0%| F|  |TAMS 0x000000070ae00000| PB 0x000000070ae00000| Untracked 
|   4|0x000000070b000000, 0x000000070b000000, 0x000000070b200000|  0%| F|  |TAMS 0x000000070b000000| PB 0x000000070b000000| Untracked 
|   5|0x000000070b200000, 0x000000070b200000, 0x000000070b400000|  0%| F|  |TAMS 0x000000070b200000| PB 0x000000070b200000| Untracked 
|   6|0x000000070b400000, 0x000000070b400000, 0x000000070b600000|  0%| F|  |TAMS 0x000000070b400000| PB 0x000000070b400000| Untracked 
|   7|0x000000070b600000, 0x000000070b600000, 0x000000070b800000|  0%| F|  |TAMS 0x000000070b600000| PB 0x000000070b600000| Untracked 
|   8|0x000000070b800000, 0x000000070b800000, 0x000000070ba00000|  0%| F|  |TAMS 0x000000070b800000| PB 0x000000070b800000| Untracked 
|   9|0x000000070ba00000, 0x000000070ba00000, 0x000000070bc00000|  0%| F|  |TAMS 0x000000070ba00000| PB 0x000000070ba00000| Untracked 
|  10|0x000000070bc00000, 0x000000070bc00000, 0x000000070be00000|  0%| F|  |TAMS 0x000000070bc00000| PB 0x000000070bc00000| Untracked 
|  11|0x000000070be00000, 0x000000070be00000, 0x000000070c000000|  0%| F|  |TAMS 0x000000070be00000| PB 0x000000070be00000| Untracked 
|  12|0x000000070c000000, 0x000000070c000000, 0x000000070c200000|  0%| F|  |TAMS 0x000000070c000000| PB 0x000000070c000000| Untracked 
|  13|0x000000070c200000, 0x000000070c200000, 0x000000070c400000|  0%| F|  |TAMS 0x000000070c200000| PB 0x000000070c200000| Untracked 
|  14|0x000000070c400000, 0x000000070c400000, 0x000000070c600000|  0%| F|  |TAMS 0x000000070c400000| PB 0x000000070c400000| Untracked 
|  15|0x000000070c600000, 0x000000070c600000, 0x000000070c800000|  0%| F|  |TAMS 0x000000070c600000| PB 0x000000070c600000| Untracked 
|  16|0x000000070c800000, 0x000000070c800000, 0x000000070ca00000|  0%| F|  |TAMS 0x000000070c800000| PB 0x000000070c800000| Untracked 
|  17|0x000000070ca00000, 0x000000070ca00000, 0x000000070cc00000|  0%| F|  |TAMS 0x000000070ca00000| PB 0x000000070ca00000| Untracked 
|  18|0x000000070cc00000, 0x000000070cc00000, 0x000000070ce00000|  0%| F|  |TAMS 0x000000070cc00000| PB 0x000000070cc00000| Untracked 
|  19|0x000000070ce00000, 0x000000070ce00000, 0x000000070d000000|  0%| F|  |TAMS 0x000000070ce00000| PB 0x000000070ce00000| Untracked 
|  20|0x000000070d000000, 0x000000070d000000, 0x000000070d200000|  0%| F|  |TAMS 0x000000070d000000| PB 0x000000070d000000| Untracked 
|  21|0x000000070d200000, 0x000000070d200000, 0x000000070d400000|  0%| F|  |TAMS 0x000000070d200000| PB 0x000000070d200000| Untracked 
|  22|0x000000070d400000, 0x000000070d400000, 0x000000070d600000|  0%| F|  |TAMS 0x000000070d400000| PB 0x000000070d400000| Untracked 
|  23|0x000000070d600000, 0x000000070d600000, 0x000000070d800000|  0%| F|  |TAMS 0x000000070d600000| PB 0x000000070d600000| Untracked 
|  24|0x000000070d800000, 0x000000070d800000, 0x000000070da00000|  0%| F|  |TAMS 0x000000070d800000| PB 0x000000070d800000| Untracked 
|  25|0x000000070da00000, 0x000000070da00000, 0x000000070dc00000|  0%| F|  |TAMS 0x000000070da00000| PB 0x000000070da00000| Untracked 
|  26|0x000000070dc00000, 0x000000070dc00000, 0x000000070de00000|  0%| F|  |TAMS 0x000000070dc00000| PB 0x000000070dc00000| Untracked 
|  27|0x000000070de00000, 0x000000070de00000, 0x000000070e000000|  0%| F|  |TAMS 0x000000070de00000| PB 0x000000070de00000| Untracked 
|  28|0x000000070e000000, 0x000000070e000000, 0x000000070e200000|  0%| F|  |TAMS 0x000000070e000000| PB 0x000000070e000000| Untracked 
|  29|0x000000070e200000, 0x000000070e200000, 0x000000070e400000|  0%| F|  |TAMS 0x000000070e200000| PB 0x000000070e200000| Untracked 
|  30|0x000000070e400000, 0x000000070e400000, 0x000000070e600000|  0%| F|  |TAMS 0x000000070e400000| PB 0x000000070e400000| Untracked 
|  31|0x000000070e600000, 0x000000070e600000, 0x000000070e800000|  0%| F|  |TAMS 0x000000070e600000| PB 0x000000070e600000| Untracked 
|  32|0x000000070e800000, 0x000000070e800000, 0x000000070ea00000|  0%| F|  |TAMS 0x000000070e800000| PB 0x000000070e800000| Untracked 
|  33|0x000000070ea00000, 0x000000070ea00000, 0x000000070ec00000|  0%| F|  |TAMS 0x000000070ea00000| PB 0x000000070ea00000| Untracked 
|  34|0x000000070ec00000, 0x000000070ec00000, 0x000000070ee00000|  0%| F|  |TAMS 0x000000070ec00000| PB 0x000000070ec00000| Untracked 
|  35|0x000000070ee00000, 0x000000070ee00000, 0x000000070f000000|  0%| F|  |TAMS 0x000000070ee00000| PB 0x000000070ee00000| Untracked 
|  36|0x000000070f000000, 0x000000070f000000, 0x000000070f200000|  0%| F|  |TAMS 0x000000070f000000| PB 0x000000070f000000| Untracked 
|  37|0x000000070f200000, 0x000000070f200000, 0x000000070f400000|  0%| F|  |TAMS 0x000000070f200000| PB 0x000000070f200000| Untracked 
|  38|0x000000070f400000, 0x000000070f400000, 0x000000070f600000|  0%| F|  |TAMS 0x000000070f400000| PB 0x000000070f400000| Untracked 
|  39|0x000000070f600000, 0x000000070f600000, 0x000000070f800000|  0%| F|  |TAMS 0x000000070f600000| PB 0x000000070f600000| Untracked 
|  40|0x000000070f800000, 0x000000070f800000, 0x000000070fa00000|  0%| F|  |TAMS 0x000000070f800000| PB 0x000000070f800000| Untracked 
|  41|0x000000070fa00000, 0x000000070fa00000, 0x000000070fc00000|  0%| F|  |TAMS 0x000000070fa00000| PB 0x000000070fa00000| Untracked 
|  42|0x000000070fc00000, 0x000000070fc00000, 0x000000070fe00000|  0%| F|  |TAMS 0x000000070fc00000| PB 0x000000070fc00000| Untracked 
|  43|0x000000070fe00000, 0x000000070fe00000, 0x0000000710000000|  0%| F|  |TAMS 0x000000070fe00000| PB 0x000000070fe00000| Untracked 
|  44|0x0000000710000000, 0x0000000710000000, 0x0000000710200000|  0%| F|  |TAMS 0x0000000710000000| PB 0x0000000710000000| Untracked 
|  45|0x0000000710200000, 0x0000000710200000, 0x0000000710400000|  0%| F|  |TAMS 0x0000000710200000| PB 0x0000000710200000| Untracked 
|  46|0x0000000710400000, 0x0000000710400000, 0x0000000710600000|  0%| F|  |TAMS 0x0000000710400000| PB 0x0000000710400000| Untracked 
|  47|0x0000000710600000, 0x0000000710600000, 0x0000000710800000|  0%| F|  |TAMS 0x0000000710600000| PB 0x0000000710600000| Untracked 
|  48|0x0000000710800000, 0x0000000710800000, 0x0000000710a00000|  0%| F|  |TAMS 0x0000000710800000| PB 0x0000000710800000| Untracked 
|  49|0x0000000710a00000, 0x0000000710a00000, 0x0000000710c00000|  0%| F|  |TAMS 0x0000000710a00000| PB 0x0000000710a00000| Untracked 
|  50|0x0000000710c00000, 0x0000000710c00000, 0x0000000710e00000|  0%| F|  |TAMS 0x0000000710c00000| PB 0x0000000710c00000| Untracked 
|  51|0x0000000710e00000, 0x0000000710e00000, 0x0000000711000000|  0%| F|  |TAMS 0x0000000710e00000| PB 0x0000000710e00000| Untracked 
|  52|0x0000000711000000, 0x0000000711000000, 0x0000000711200000|  0%| F|  |TAMS 0x0000000711000000| PB 0x0000000711000000| Untracked 
|  53|0x0000000711200000, 0x0000000711200000, 0x0000000711400000|  0%| F|  |TAMS 0x0000000711200000| PB 0x0000000711200000| Untracked 
|  54|0x0000000711400000, 0x0000000711400000, 0x0000000711600000|  0%| F|  |TAMS 0x0000000711400000| PB 0x0000000711400000| Untracked 
|  55|0x0000000711600000, 0x0000000711600000, 0x0000000711800000|  0%| F|  |TAMS 0x0000000711600000| PB 0x0000000711600000| Untracked 
|  56|0x0000000711800000, 0x0000000711800000, 0x0000000711a00000|  0%| F|  |TAMS 0x0000000711800000| PB 0x0000000711800000| Untracked 
|  57|0x0000000711a00000, 0x0000000711a00000, 0x0000000711c00000|  0%| F|  |TAMS 0x0000000711a00000| PB 0x0000000711a00000| Untracked 
|  58|0x0000000711c00000, 0x0000000711c00000, 0x0000000711e00000|  0%| F|  |TAMS 0x0000000711c00000| PB 0x0000000711c00000| Untracked 
|  59|0x0000000711e00000, 0x0000000711e00000, 0x0000000712000000|  0%| F|  |TAMS 0x0000000711e00000| PB 0x0000000711e00000| Untracked 
|  60|0x0000000712000000, 0x0000000712000000, 0x0000000712200000|  0%| F|  |TAMS 0x0000000712000000| PB 0x0000000712000000| Untracked 
|  61|0x0000000712200000, 0x0000000712200000, 0x0000000712400000|  0%| F|  |TAMS 0x0000000712200000| PB 0x0000000712200000| Untracked 
|  62|0x0000000712400000, 0x0000000712400000, 0x0000000712600000|  0%| F|  |TAMS 0x0000000712400000| PB 0x0000000712400000| Untracked 
|  63|0x0000000712600000, 0x0000000712600000, 0x0000000712800000|  0%| F|  |TAMS 0x0000000712600000| PB 0x0000000712600000| Untracked 
|  64|0x0000000712800000, 0x0000000712800000, 0x0000000712a00000|  0%| F|  |TAMS 0x0000000712800000| PB 0x0000000712800000| Untracked 
|  65|0x0000000712a00000, 0x0000000712a00000, 0x0000000712c00000|  0%| F|  |TAMS 0x0000000712a00000| PB 0x0000000712a00000| Untracked 
|  66|0x0000000712c00000, 0x0000000712c00000, 0x0000000712e00000|  0%| F|  |TAMS 0x0000000712c00000| PB 0x0000000712c00000| Untracked 
|  67|0x0000000712e00000, 0x0000000712e00000, 0x0000000713000000|  0%| F|  |TAMS 0x0000000712e00000| PB 0x0000000712e00000| Untracked 
|  68|0x0000000713000000, 0x0000000713000000, 0x0000000713200000|  0%| F|  |TAMS 0x0000000713000000| PB 0x0000000713000000| Untracked 
|  69|0x0000000713200000, 0x0000000713200000, 0x0000000713400000|  0%| F|  |TAMS 0x0000000713200000| PB 0x0000000713200000| Untracked 
|  70|0x0000000713400000, 0x0000000713400000, 0x0000000713600000|  0%| F|  |TAMS 0x0000000713400000| PB 0x0000000713400000| Untracked 
|  71|0x0000000713600000, 0x0000000713600000, 0x0000000713800000|  0%| F|  |TAMS 0x0000000713600000| PB 0x0000000713600000| Untracked 
|  72|0x0000000713800000, 0x0000000713800000, 0x0000000713a00000|  0%| F|  |TAMS 0x0000000713800000| PB 0x0000000713800000| Untracked 
|  73|0x0000000713a00000, 0x0000000713a00000, 0x0000000713c00000|  0%| F|  |TAMS 0x0000000713a00000| PB 0x0000000713a00000| Untracked 
|  74|0x0000000713c00000, 0x0000000713c00000, 0x0000000713e00000|  0%| F|  |TAMS 0x0000000713c00000| PB 0x0000000713c00000| Untracked 
|  75|0x0000000713e00000, 0x0000000713e00000, 0x0000000714000000|  0%| F|  |TAMS 0x0000000713e00000| PB 0x0000000713e00000| Untracked 
|  76|0x0000000714000000, 0x0000000714000000, 0x0000000714200000|  0%| F|  |TAMS 0x0000000714000000| PB 0x0000000714000000| Untracked 
|  77|0x0000000714200000, 0x0000000714200000, 0x0000000714400000|  0%| F|  |TAMS 0x0000000714200000| PB 0x0000000714200000| Untracked 
|  78|0x0000000714400000, 0x0000000714400000, 0x0000000714600000|  0%| F|  |TAMS 0x0000000714400000| PB 0x0000000714400000| Untracked 
|  79|0x0000000714600000, 0x0000000714600000, 0x0000000714800000|  0%| F|  |TAMS 0x0000000714600000| PB 0x0000000714600000| Untracked 
|  80|0x0000000714800000, 0x0000000714800000, 0x0000000714a00000|  0%| F|  |TAMS 0x0000000714800000| PB 0x0000000714800000| Untracked 
|  81|0x0000000714a00000, 0x0000000714a00000, 0x0000000714c00000|  0%| F|  |TAMS 0x0000000714a00000| PB 0x0000000714a00000| Untracked 
|  82|0x0000000714c00000, 0x0000000714df89f0, 0x0000000714e00000| 98%| E|  |TAMS 0x0000000714c00000| PB 0x0000000714c00000| Complete 
|  83|0x0000000714e00000, 0x0000000715000000, 0x0000000715000000|100%| E|CS|TAMS 0x0000000714e00000| PB 0x0000000714e00000| Complete 
|  84|0x0000000715000000, 0x0000000715200000, 0x0000000715200000|100%| E|CS|TAMS 0x0000000715000000| PB 0x0000000715000000| Complete 
|  85|0x0000000715200000, 0x0000000715400000, 0x0000000715400000|100%| E|CS|TAMS 0x0000000715200000| PB 0x0000000715200000| Complete 
|  86|0x0000000715400000, 0x0000000715600000, 0x0000000715600000|100%| E|CS|TAMS 0x0000000715400000| PB 0x0000000715400000| Complete 
|  87|0x0000000715600000, 0x0000000715800000, 0x0000000715800000|100%| E|CS|TAMS 0x0000000715600000| PB 0x0000000715600000| Complete 
|  88|0x0000000715800000, 0x0000000715a00000, 0x0000000715a00000|100%| E|CS|TAMS 0x0000000715800000| PB 0x0000000715800000| Complete 
|  89|0x0000000715a00000, 0x0000000715c00000, 0x0000000715c00000|100%| E|CS|TAMS 0x0000000715a00000| PB 0x0000000715a00000| Complete 
|  90|0x0000000715c00000, 0x0000000715e00000, 0x0000000715e00000|100%| E|CS|TAMS 0x0000000715c00000| PB 0x0000000715c00000| Complete 
|  91|0x0000000715e00000, 0x0000000716000000, 0x0000000716000000|100%| E|CS|TAMS 0x0000000715e00000| PB 0x0000000715e00000| Complete 
|  92|0x0000000716000000, 0x0000000716200000, 0x0000000716200000|100%| E|CS|TAMS 0x0000000716000000| PB 0x0000000716000000| Complete 
|  93|0x0000000716200000, 0x0000000716400000, 0x0000000716400000|100%| E|CS|TAMS 0x0000000716200000| PB 0x0000000716200000| Complete 
|  94|0x0000000716400000, 0x0000000716600000, 0x0000000716600000|100%| E|CS|TAMS 0x0000000716400000| PB 0x0000000716400000| Complete 
|  95|0x0000000716600000, 0x0000000716800000, 0x0000000716800000|100%| E|CS|TAMS 0x0000000716600000| PB 0x0000000716600000| Complete 
|  96|0x0000000716800000, 0x0000000716a00000, 0x0000000716a00000|100%| E|CS|TAMS 0x0000000716800000| PB 0x0000000716800000| Complete 
|  97|0x0000000716a00000, 0x0000000716c00000, 0x0000000716c00000|100%| E|CS|TAMS 0x0000000716a00000| PB 0x0000000716a00000| Complete 
|  98|0x0000000716c00000, 0x0000000716e00000, 0x0000000716e00000|100%| E|CS|TAMS 0x0000000716c00000| PB 0x0000000716c00000| Complete 
|  99|0x0000000716e00000, 0x0000000717000000, 0x0000000717000000|100%| E|CS|TAMS 0x0000000716e00000| PB 0x0000000716e00000| Complete 
| 100|0x0000000717000000, 0x0000000717200000, 0x0000000717200000|100%| E|CS|TAMS 0x0000000717000000| PB 0x0000000717000000| Complete 
| 101|0x0000000717200000, 0x0000000717400000, 0x0000000717400000|100%| E|CS|TAMS 0x0000000717200000| PB 0x0000000717200000| Complete 
| 102|0x0000000717400000, 0x0000000717600000, 0x0000000717600000|100%| E|CS|TAMS 0x0000000717400000| PB 0x0000000717400000| Complete 
| 103|0x0000000717600000, 0x0000000717800000, 0x0000000717800000|100%| E|CS|TAMS 0x0000000717600000| PB 0x0000000717600000| Complete 
| 104|0x0000000717800000, 0x00000007179ec090, 0x0000000717a00000| 96%| S|CS|TAMS 0x0000000717800000| PB 0x0000000717800000| Complete 
| 105|0x0000000717a00000, 0x0000000717c00000, 0x0000000717c00000|100%| E|CS|TAMS 0x0000000717a00000| PB 0x0000000717a00000| Complete 
| 106|0x0000000717c00000, 0x0000000717e00000, 0x0000000717e00000|100%| E|CS|TAMS 0x0000000717c00000| PB 0x0000000717c00000| Complete 
| 107|0x0000000717e00000, 0x0000000718000000, 0x0000000718000000|100%| E|CS|TAMS 0x0000000717e00000| PB 0x0000000717e00000| Complete 
| 108|0x0000000718000000, 0x0000000718200000, 0x0000000718200000|100%| E|CS|TAMS 0x0000000718000000| PB 0x0000000718000000| Complete 
| 109|0x0000000718200000, 0x0000000718400000, 0x0000000718400000|100%| E|CS|TAMS 0x0000000718200000| PB 0x0000000718200000| Complete 
| 110|0x0000000718400000, 0x0000000718600000, 0x0000000718600000|100%| E|CS|TAMS 0x0000000718400000| PB 0x0000000718400000| Complete 
| 111|0x0000000718600000, 0x0000000718800000, 0x0000000718800000|100%| E|CS|TAMS 0x0000000718600000| PB 0x0000000718600000| Complete 
| 112|0x0000000718800000, 0x0000000718a00000, 0x0000000718a00000|100%| E|CS|TAMS 0x0000000718800000| PB 0x0000000718800000| Complete 
| 113|0x0000000718a00000, 0x0000000718c00000, 0x0000000718c00000|100%| E|CS|TAMS 0x0000000718a00000| PB 0x0000000718a00000| Complete 
| 114|0x0000000718c00000, 0x0000000718e00000, 0x0000000718e00000|100%| E|CS|TAMS 0x0000000718c00000| PB 0x0000000718c00000| Complete 
| 115|0x0000000718e00000, 0x0000000719000000, 0x0000000719000000|100%| E|CS|TAMS 0x0000000718e00000| PB 0x0000000718e00000| Complete 
| 116|0x0000000719000000, 0x0000000719200000, 0x0000000719200000|100%| E|CS|TAMS 0x0000000719000000| PB 0x0000000719000000| Complete 
| 117|0x0000000719200000, 0x0000000719400000, 0x0000000719400000|100%| E|CS|TAMS 0x0000000719200000| PB 0x0000000719200000| Complete 
| 118|0x0000000719400000, 0x0000000719600000, 0x0000000719600000|100%| E|CS|TAMS 0x0000000719400000| PB 0x0000000719400000| Complete 
| 119|0x0000000719600000, 0x0000000719800000, 0x0000000719800000|100%| E|CS|TAMS 0x0000000719600000| PB 0x0000000719600000| Complete 
| 120|0x0000000719800000, 0x0000000719a00000, 0x0000000719a00000|100%| E|CS|TAMS 0x0000000719800000| PB 0x0000000719800000| Complete 
| 121|0x0000000719a00000, 0x0000000719c00000, 0x0000000719c00000|100%| E|CS|TAMS 0x0000000719a00000| PB 0x0000000719a00000| Complete 
| 122|0x0000000719c00000, 0x0000000719e00000, 0x0000000719e00000|100%| E|CS|TAMS 0x0000000719c00000| PB 0x0000000719c00000| Complete 

Card table byte_map: [0x0000015afefe0000,0x0000015aff790000] _byte_map_base: 0x0000015afb78c000

Marking Bits: (CMBitMap*) 0x0000015ae6c41df0
 Bits: [0x0000015a80000000, 0x0000015a83d60000)

Polling page: 0x0000015ae4950000

Metaspace:

Usage:
  Non-class:     13.94 MB used.
      Class:      1.83 MB used.
       Both:     15.77 MB used.

Virtual space:
  Non-class space:       64.00 MB reserved,      14.06 MB ( 22%) committed,  1 nodes.
      Class space:        1.00 GB reserved,       1.94 MB ( <1%) committed,  1 nodes.
             Both:        1.06 GB reserved,      16.00 MB (  1%) committed. 

Chunk freelists:
   Non-Class:  1.64 MB
       Class:  13.90 MB
        Both:  15.54 MB

MaxMetaspaceSize: unlimited
CompressedClassSpaceSize: 1.00 GB
Initial GC threshold: 21.00 MB
Current GC threshold: 21.00 MB
CDS: on
 - commit_granule_bytes: 65536.
 - commit_granule_words: 8192.
 - virtual_space_node_default_size: 8388608.
 - enlarge_chunks_in_place: 1.
 - use_allocation_guard: 0.


Internal statistics:

num_allocs_failed_limit: 0.
num_arena_births: 176.
num_arena_deaths: 0.
num_vsnodes_births: 2.
num_vsnodes_deaths: 0.
num_space_committed: 256.
num_space_uncommitted: 0.
num_chunks_returned_to_freelist: 0.
num_chunks_taken_from_freelist: 706.
num_chunk_merges: 0.
num_chunk_splits: 499.
num_chunks_enlarged: 409.
num_inconsistent_stats: 0.

CodeHeap 'non-profiled nmethods': size=120000Kb used=1930Kb max_used=1930Kb free=118069Kb
 bounds [0x0000015af6d90000, 0x0000015af7000000, 0x0000015afe2c0000]
CodeHeap 'profiled nmethods': size=120000Kb used=8361Kb max_used=8361Kb free=111639Kb
 bounds [0x0000015aef2c0000, 0x0000015aefaf0000, 0x0000015af67f0000]
CodeHeap 'non-nmethods': size=5760Kb used=1397Kb max_used=1443Kb free=4362Kb
 bounds [0x0000015af67f0000, 0x0000015af6a60000, 0x0000015af6d90000]
 total_blobs=4644 nmethods=4152 adapters=396
 compilation: enabled
              stopped_count=0, restarted_count=0
 full_count=0

Compilation events (20 events):
Event: 4.590 Thread 0x0000015a8624e380 4135       3       org.apache.maven.model.building.ModelData::<init> (15 bytes)
Event: 4.591 Thread 0x0000015a8624e380 nmethod 4135 0x0000015aefadaa90 code [0x0000015aefadac40, 0x0000015aefadae70]
Event: 4.591 Thread 0x0000015a8624e380 4136       3       org.codehaus.plexus.interpolation.ObjectBasedValueSource::<init> (11 bytes)
Event: 4.591 Thread 0x0000015a8624e380 nmethod 4136 0x0000015aefadaf10 code [0x0000015aefadb100, 0x0000015aefadb600]
Event: 4.591 Thread 0x0000015a8624e380 4137       1       org.codehaus.plexus.interpolation.StringSearchInterpolator::setCacheAnswers (6 bytes)
Event: 4.591 Thread 0x0000015a8624e380 nmethod 4137 0x0000015af6f6ea90 code [0x0000015af6f6ec20, 0x0000015af6f6ecf0]
Event: 4.591 Thread 0x0000015a8624e380 4138       1       org.apache.maven.model.building.DefaultModelBuildingRequest::isTwoPhaseBuilding (5 bytes)
Event: 4.591 Thread 0x0000015a8624e380 nmethod 4138 0x0000015af6f6ed90 code [0x0000015af6f6ef20, 0x0000015af6f6eff0]
Event: 4.591 Thread 0x0000015a8624e380 4139       1       org.apache.maven.model.building.DefaultModelBuildingRequest::getModelBuildingListener (5 bytes)
Event: 4.592 Thread 0x0000015a8624e380 nmethod 4139 0x0000015af6f6f090 code [0x0000015af6f6f220, 0x0000015af6f6f2f0]
Event: 4.597 Thread 0x0000015a8624e380 4141       1       org.eclipse.aether.repository.RemoteRepository::getHost (5 bytes)
Event: 4.598 Thread 0x0000015a8624e380 nmethod 4141 0x0000015af6f6f390 code [0x0000015af6f6f520, 0x0000015af6f6f5f0]
Event: 4.598 Thread 0x0000015a8624e380 4143   !   3       org.eclipse.aether.internal.impl.collect.df.DfDependencyCollector::processDependency (684 bytes)
Event: 4.602 Thread 0x0000015a86241100 nmethod 4127 0x0000015af6f6f690 code [0x0000015af6f6fa20, 0x0000015af6f70660]
Event: 4.602 Thread 0x0000015a86241100 4140       4       java.util.concurrent.ConcurrentHashMap::putAll (63 bytes)
Event: 4.603 Thread 0x0000015a8624e380 nmethod 4143 0x0000015aefadb790 code [0x0000015aefadbec0, 0x0000015aefae0250]
Event: 4.603 Thread 0x0000015a8624e380 4144   !   3       java.lang.Class::getEnumConstantsShared (71 bytes)
Event: 4.605 Thread 0x0000015a8624e380 nmethod 4144 0x0000015aefae2110 code [0x0000015aefae2460, 0x0000015aefae3900]
Event: 4.605 Thread 0x0000015a8624e380 4142       3       org.eclipse.aether.internal.impl.collect.df.DfDependencyCollector::processDependency (28 bytes)
Event: 4.605 Thread 0x0000015a8624e380 nmethod 4142 0x0000015aefae4190 code [0x0000015aefae4340, 0x0000015aefae4540]

GC Heap History (4 events):
Event: 1.149 GC heap before
{Heap before GC invocations=0 (full 0):
 garbage-first heap   total 251904K, used 22528K [0x000000070a800000, 0x0000000800000000)
  region size 2048K, 11 young (22528K), 0 survivors (0K)
 Metaspace       used 5647K, committed 5824K, reserved 1114112K
  class space    used 659K, committed 768K, reserved 1048576K
}
Event: 1.155 GC heap after
{Heap after GC invocations=1 (full 0):
 garbage-first heap   total 251904K, used 3959K [0x000000070a800000, 0x0000000800000000)
  region size 2048K, 2 young (4096K), 2 survivors (4096K)
 Metaspace       used 5647K, committed 5824K, reserved 1114112K
  class space    used 659K, committed 768K, reserved 1048576K
}
Event: 2.132 GC heap before
{Heap before GC invocations=1 (full 0):
 garbage-first heap   total 251904K, used 36727K [0x000000070a800000, 0x0000000800000000)
  region size 2048K, 18 young (36864K), 2 survivors (4096K)
 Metaspace       used 10316K, committed 10496K, reserved 1114112K
  class space    used 1233K, committed 1344K, reserved 1048576K
}
Event: 2.150 GC heap after
{Heap after GC invocations=2 (full 0):
 garbage-first heap   total 251904K, used 5750K [0x000000070a800000, 0x0000000800000000)
  region size 2048K, 1 young (2048K), 1 survivors (2048K)
 Metaspace       used 10316K, committed 10496K, reserved 1114112K
  class space    used 1233K, committed 1344K, reserved 1048576K
}

Dll operation events (8 events):
Event: 0.013 Loaded shared library C:\Program Files\Eclipse Adoptium\jdk-21.0.2.13-hotspot\bin\java.dll
Event: 0.066 Loaded shared library C:\Program Files\Eclipse Adoptium\jdk-21.0.2.13-hotspot\bin\jsvml.dll
Event: 0.099 Loaded shared library C:\Program Files\Eclipse Adoptium\jdk-21.0.2.13-hotspot\bin\net.dll
Event: 0.102 Loaded shared library C:\Program Files\Eclipse Adoptium\jdk-21.0.2.13-hotspot\bin\nio.dll
Event: 0.109 Loaded shared library C:\Program Files\Eclipse Adoptium\jdk-21.0.2.13-hotspot\bin\zip.dll
Event: 0.412 Loaded shared library C:\Program Files\Eclipse Adoptium\jdk-21.0.2.13-hotspot\bin\jimage.dll
Event: 0.416 Loaded shared library C:\Program Files\apache-maven-3.9.8\lib\jansi-native\Windows\x86_64\jansi.dll
Event: 0.446 Loaded shared library C:\Program Files\Eclipse Adoptium\jdk-21.0.2.13-hotspot\bin\verify.dll

Deoptimization events (20 events):
Event: 4.359 Thread 0x0000015ae498de10 DEOPT PACKING pc=0x0000015af6f5c8dc sp=0x000000170f3fc8b0
Event: 4.359 Thread 0x0000015ae498de10 DEOPT UNPACKING pc=0x0000015af68446a2 sp=0x000000170f3fc850 mode 2
Event: 4.372 Thread 0x0000015ae498de10 Uncommon trap: trap_request=0xffffff45 fr.pc=0x0000015af6f2bd60 relative=0x0000000000002b40
Event: 4.372 Thread 0x0000015ae498de10 Uncommon trap: reason=unstable_if action=reinterpret pc=0x0000015af6f2bd60 method=org.codehaus.plexus.util.xml.pull.MXParser.parseAttribute()C @ 779 c2
Event: 4.372 Thread 0x0000015ae498de10 DEOPT PACKING pc=0x0000015af6f2bd60 sp=0x000000170f3fc9f0
Event: 4.372 Thread 0x0000015ae498de10 DEOPT UNPACKING pc=0x0000015af68446a2 sp=0x000000170f3fc978 mode 2
Event: 4.445 Thread 0x0000015ae498de10 DEOPT PACKING pc=0x0000015aefa0977d sp=0x000000170f3fcc20
Event: 4.445 Thread 0x0000015ae498de10 DEOPT UNPACKING pc=0x0000015af6844e42 sp=0x000000170f3fc160 mode 0
Event: 4.494 Thread 0x0000015ae498de10 Uncommon trap: trap_request=0xffffff45 fr.pc=0x0000015af6f3e0a0 relative=0x00000000000003c0
Event: 4.494 Thread 0x0000015ae498de10 Uncommon trap: reason=unstable_if action=reinterpret pc=0x0000015af6f3e0a0 method=org.apache.maven.model.ConfigurationContainer.getLocation(Ljava/lang/Object;)Lorg/apache/maven/model/InputLocation; @ 18 c2
Event: 4.494 Thread 0x0000015ae498de10 DEOPT PACKING pc=0x0000015af6f3e0a0 sp=0x000000170f3fc5f0
Event: 4.494 Thread 0x0000015ae498de10 DEOPT UNPACKING pc=0x0000015af68446a2 sp=0x000000170f3fc580 mode 2
Event: 4.515 Thread 0x0000015ae498de10 Uncommon trap: trap_request=0xffffffde fr.pc=0x0000015af6dd30a8 relative=0x0000000000000e28
Event: 4.515 Thread 0x0000015ae498de10 Uncommon trap: reason=class_check action=maybe_recompile pc=0x0000015af6dd30a8 method=java.util.concurrent.ConcurrentHashMap.putVal(Ljava/lang/Object;Ljava/lang/Object;Z)Ljava/lang/Object; @ 242 c2
Event: 4.515 Thread 0x0000015ae498de10 DEOPT PACKING pc=0x0000015af6dd30a8 sp=0x000000170f3fd540
Event: 4.515 Thread 0x0000015ae498de10 DEOPT UNPACKING pc=0x0000015af68446a2 sp=0x000000170f3fd4b0 mode 2
Event: 4.578 Thread 0x0000015ae498de10 Uncommon trap: trap_request=0xffffff76 fr.pc=0x0000015af6e049bc relative=0x000000000000039c
Event: 4.578 Thread 0x0000015ae498de10 Uncommon trap: reason=predicate action=maybe_recompile pc=0x0000015af6e049bc method=java.nio.charset.CharsetDecoder.decode(Ljava/nio/ByteBuffer;Ljava/nio/CharBuffer;Z)Ljava/nio/charset/CoderResult; @ 54 c2
Event: 4.578 Thread 0x0000015ae498de10 DEOPT PACKING pc=0x0000015af6e049bc sp=0x000000170f3fc790
Event: 4.578 Thread 0x0000015ae498de10 DEOPT UNPACKING pc=0x0000015af68446a2 sp=0x000000170f3fc730 mode 2

Classes loaded (20 events):
Event: 3.095 Loading class java/util/spi/ResourceBundleProvider
Event: 3.095 Loading class java/util/spi/ResourceBundleProvider done
Event: 3.095 Loading class sun/util/resources/LocaleData$LocaleDataResourceBundleProvider done
Event: 3.095 Loading class sun/util/resources/LocaleData$CommonResourceBundleProvider done
Event: 3.095 Loading class sun/util/resources/Bundles$2
Event: 3.095 Loading class sun/util/resources/Bundles$2 done
Event: 3.132 Loading class java/util/StringTokenizer
Event: 3.132 Loading class java/util/StringTokenizer done
Event: 3.739 Loading class java/util/stream/MatchOps$MatchKind
Event: 3.740 Loading class java/util/stream/MatchOps$MatchKind done
Event: 3.740 Loading class java/util/stream/MatchOps
Event: 3.740 Loading class java/util/stream/MatchOps done
Event: 3.740 Loading class java/util/stream/MatchOps$MatchOp
Event: 3.740 Loading class java/util/stream/MatchOps$MatchOp done
Event: 3.740 Loading class java/util/stream/MatchOps$BooleanTerminalSink
Event: 3.740 Loading class java/util/stream/MatchOps$BooleanTerminalSink done
Event: 3.741 Loading class java/util/stream/MatchOps$1MatchSink
Event: 3.741 Loading class java/util/stream/MatchOps$1MatchSink done
Event: 4.577 Loading class sun/nio/cs/ISO_8859_1$Decoder
Event: 4.577 Loading class sun/nio/cs/ISO_8859_1$Decoder done

Classes unloaded (0 events):
No events

Classes redefined (0 events):
No events

Internal exceptions (20 events):
Event: 2.215 Thread 0x0000015ae498de10 Exception <a 'java/lang/NoSuchMethodError'{0x0000000719de81c0}: 'void java.lang.invoke.DirectMethodHandle$Holder.invokeStaticInit(java.lang.Object, java.lang.Object, java.lang.Object)'> (0x0000000719de81c0) 
thrown [s\src\hotspot\share\interpreter\linkResolver.cpp, line 773]
Event: 2.220 Thread 0x0000015ae498de10 Exception <a 'java/lang/ExceptionInInitializerError'{0x0000000719a10e60}> (0x0000000719a10e60) 
thrown [s\src\hotspot\share\oops\instanceKlass.cpp, line 1180]
Event: 2.272 Thread 0x0000015ae498de10 Exception <a 'java/lang/NoSuchMethodError'{0x0000000719b1dbc0}: 'long java.lang.invoke.DirectMethodHandle$Holder.invokeStatic(java.lang.Object, java.lang.Object, int)'> (0x0000000719b1dbc0) 
thrown [s\src\hotspot\share\interpreter\linkResolver.cpp, line 773]
Event: 2.274 Thread 0x0000015ae498de10 Exception <a 'java/lang/NoSuchMethodError'{0x0000000719b30c58}: 'java.lang.Object java.lang.invoke.DirectMethodHandle$Holder.invokeStatic(java.lang.Object, java.lang.Object, java.lang.Object, java.lang.Object, int)'> (0x0000000719b30c58) 
thrown [s\src\hotspot\share\interpreter\linkResolver.cpp, line 773]
Event: 2.276 Thread 0x0000015ae498de10 Exception <a 'java/lang/NoSuchMethodError'{0x0000000719b38b70}: 'java.lang.Object java.lang.invoke.DirectMethodHandle$Holder.invokeSpecial(java.lang.Object, java.lang.Object, java.lang.Object, java.lang.Object, long)'> (0x0000000719b38b70) 
thrown [s\src\hotspot\share\interpreter\linkResolver.cpp, line 773]
Event: 2.277 Thread 0x0000015ae498de10 Exception <a 'java/lang/NoSuchMethodError'{0x0000000719b44660}: 'java.lang.Object java.lang.invoke.DirectMethodHandle$Holder.invokeSpecial(java.lang.Object, java.lang.Object, java.lang.Object, int, java.lang.Object)'> (0x0000000719b44660) 
thrown [s\src\hotspot\share\interpreter\linkResolver.cpp, line 773]
Event: 2.278 Thread 0x0000015ae498de10 Exception <a 'java/lang/NoSuchMethodError'{0x0000000719b4c780}: 'int java.lang.invoke.DirectMethodHandle$Holder.invokeSpecial(java.lang.Object, java.lang.Object, java.lang.Object, int)'> (0x0000000719b4c780) 
thrown [s\src\hotspot\share\interpreter\linkResolver.cpp, line 773]
Event: 2.282 Thread 0x0000015ae498de10 Implicit null exception at 0x0000015af6e16f5d to 0x0000015af6e17150
Event: 2.285 Thread 0x0000015ae498de10 Exception <a 'java/lang/NoSuchMethodError'{0x0000000719b70f18}: 'java.lang.Object java.lang.invoke.Invokers$Holder.invokeExact_MT(java.lang.Object, int, java.lang.Object)'> (0x0000000719b70f18) 
thrown [s\src\hotspot\share\interpreter\linkResolver.cpp, line 773]
Event: 2.603 Thread 0x0000015ae498de10 Exception <a 'java/lang/NoSuchMethodError'{0x0000000719359740}: 'void java.lang.invoke.Invokers$Holder.invokeExact_MT(java.lang.Object, java.lang.Object, java.lang.Object, java.lang.Object)'> (0x0000000719359740) 
thrown [s\src\hotspot\share\interpreter\linkResolver.cpp, line 773]
Event: 2.628 Thread 0x0000015ae498de10 Exception <a 'java/lang/NoClassDefFoundError'{0x00000007193e3170}: com/google/inject/servlet/ServletModuleTargetVisitor> (0x00000007193e3170) 
thrown [s\src\hotspot\share\classfile\systemDictionary.cpp, line 301]
Event: 2.732 Thread 0x0000015ae498de10 Exception <a 'java/lang/NoSuchMethodError'{0x00000007191a2dd0}: 'void java.lang.invoke.DirectMethodHandle$Holder.invokeVirtual(java.lang.Object, java.lang.Object)'> (0x00000007191a2dd0) 
thrown [s\src\hotspot\share\interpreter\linkResolver.cpp, line 773]
Event: 2.784 Thread 0x0000015ae498de10 Exception <a 'java/lang/NoSuchMethodError'{0x0000000718e223a0}: 'java.lang.Object java.lang.invoke.DirectMethodHandle$Holder.invokeStaticInit(java.lang.Object, int, int, int, int)'> (0x0000000718e223a0) 
thrown [s\src\hotspot\share\interpreter\linkResolver.cpp, line 773]
Event: 2.980 Thread 0x0000015ae498de10 Implicit null exception at 0x0000015af6dbaa24 to 0x0000015af6dbb08c
Event: 2.980 Thread 0x0000015ae498de10 Implicit null exception at 0x0000015af6dc8da0 to 0x0000015af6dc9400
Event: 3.042 Thread 0x0000015ae498de10 Exception <a 'java/lang/NoSuchMethodError'{0x0000000718bd62c0}: 'void java.lang.invoke.DirectMethodHandle$Holder.invokeSpecial(java.lang.Object, java.lang.Object, java.lang.Object, java.lang.Object, java.lang.Object)'> (0x0000000718bd62c0) 
thrown [s\src\hotspot\share\interpreter\linkResolver.cpp, line 773]
Event: 3.044 Thread 0x0000015ae498de10 Exception <a 'java/lang/NoSuchMethodError'{0x0000000718bec1a0}: 'void java.lang.invoke.DirectMethodHandle$Holder.invokeSpecial(java.lang.Object, java.lang.Object, java.lang.Object, java.lang.Object, java.lang.Object, java.lang.Object)'> (0x0000000718bec1a0) 
thrown [s\src\hotspot\share\interpreter\linkResolver.cpp, line 773]
Event: 3.070 Thread 0x0000015ae498de10 Exception <a 'java/lang/NoSuchMethodError'{0x00000007188fb528}: 'java.lang.Object java.lang.invoke.DirectMethodHandle$Holder.invokeVirtual(java.lang.Object, java.lang.Object, java.lang.Object)'> (0x00000007188fb528) 
thrown [s\src\hotspot\share\interpreter\linkResolver.cpp, line 773]
Event: 3.144 Thread 0x0000015ae498de10 Exception <a 'java/lang/NoSuchMethodError'{0x00000007186c3350}: 'void java.lang.invoke.DirectMethodHandle$Holder.invokeVirtual(java.lang.Object, java.lang.Object, int)'> (0x00000007186c3350) 
thrown [s\src\hotspot\share\interpreter\linkResolver.cpp, line 773]
Event: 3.145 Thread 0x0000015ae498de10 Exception <a 'java/lang/NoSuchMethodError'{0x00000007186ca320}: 'void java.lang.invoke.DelegatingMethodHandle$Holder.reinvoke_L(java.lang.Object, java.lang.Object, int)'> (0x00000007186ca320) 
thrown [s\src\hotspot\share\interpreter\linkResolver.cpp, line 773]

ZGC Phase Switch (0 events):
No events

VM Operations (20 events):
Event: 2.596 Executing VM operation: HandshakeAllThreads (Deoptimize)
Event: 2.596 Executing VM operation: HandshakeAllThreads (Deoptimize) done
Event: 2.636 Executing VM operation: ICBufferFull
Event: 2.636 Executing VM operation: ICBufferFull done
Event: 2.745 Executing VM operation: HandshakeAllThreads (Deoptimize)
Event: 2.745 Executing VM operation: HandshakeAllThreads (Deoptimize) done
Event: 2.802 Executing VM operation: HandshakeAllThreads (Deoptimize)
Event: 2.802 Executing VM operation: HandshakeAllThreads (Deoptimize) done
Event: 2.852 Executing VM operation: HandshakeAllThreads (Deoptimize)
Event: 2.852 Executing VM operation: HandshakeAllThreads (Deoptimize) done
Event: 2.924 Executing VM operation: HandshakeAllThreads (Deoptimize)
Event: 2.924 Executing VM operation: HandshakeAllThreads (Deoptimize) done
Event: 2.926 Executing VM operation: HandshakeAllThreads (Deoptimize)
Event: 2.926 Executing VM operation: HandshakeAllThreads (Deoptimize) done
Event: 3.208 Executing VM operation: ICBufferFull
Event: 3.208 Executing VM operation: ICBufferFull done
Event: 3.909 Executing VM operation: ICBufferFull
Event: 3.909 Executing VM operation: ICBufferFull done
Event: 4.472 Executing VM operation: ICBufferFull
Event: 4.472 Executing VM operation: ICBufferFull done

Events (18 events):
Event: 0.036 Thread 0x0000015ae498de10 Thread added: 0x0000015ae498de10
Event: 0.061 Thread 0x0000015a86236090 Thread added: 0x0000015a86236090
Event: 0.061 Thread 0x0000015a86236fc0 Thread added: 0x0000015a86236fc0
Event: 0.061 Thread 0x0000015a8623c700 Thread added: 0x0000015a8623c700
Event: 0.062 Thread 0x0000015a8623c070 Thread added: 0x0000015a8623c070
Event: 0.062 Thread 0x0000015a8623dab0 Thread added: 0x0000015a8623dab0
Event: 0.062 Thread 0x0000015a8623b350 Thread added: 0x0000015a8623b350
Event: 0.062 Thread 0x0000015a86241100 Thread added: 0x0000015a86241100
Event: 0.062 Thread 0x0000015a8624e380 Thread added: 0x0000015a8624e380
Event: 0.089 Thread 0x0000015a8623acc0 Thread added: 0x0000015a8623acc0
Event: 0.093 Thread 0x0000015a8623b9e0 Thread added: 0x0000015a8623b9e0
Event: 0.407 Thread 0x0000015a8623cd90 Thread added: 0x0000015a8623cd90
Event: 0.430 Thread 0x0000015a8623cd90 Thread exited: 0x0000015a8623cd90
Event: 1.084 Thread 0x0000015a869173a0 Thread added: 0x0000015a869173a0
Event: 1.104 Thread 0x0000015a86917a70 Thread added: 0x0000015a86917a70
Event: 2.190 Thread 0x0000015a86917a70 Thread exited: 0x0000015a86917a70
Event: 2.876 Thread 0x0000015a8623cd90 Thread added: 0x0000015a8623cd90
Event: 3.094 Thread 0x0000015a86915860 Thread added: 0x0000015a86915860


Dynamic libraries:
0x00007ff6cbe20000 - 0x00007ff6cbe2e000 	C:\Program Files\Eclipse Adoptium\jdk-21.0.2.13-hotspot\bin\java.exe
0x00007ff950110000 - 0x00007ff950308000 	C:\WINDOWS\SYSTEM32\ntdll.dll
0x00007ff94f250000 - 0x00007ff94f30d000 	C:\WINDOWS\System32\KERNEL32.DLL
0x00007ff94d9a0000 - 0x00007ff94dc96000 	C:\WINDOWS\System32\KERNELBASE.dll
0x00007ff94de30000 - 0x00007ff94df30000 	C:\WINDOWS\System32\ucrtbase.dll
0x00007ff947280000 - 0x00007ff947298000 	C:\Program Files\Eclipse Adoptium\jdk-21.0.2.13-hotspot\bin\jli.dll
0x00007ff947320000 - 0x00007ff94733b000 	C:\Program Files\Eclipse Adoptium\jdk-21.0.2.13-hotspot\bin\VCRUNTIME140.dll
0x00007ff94fcd0000 - 0x00007ff94fe6f000 	C:\WINDOWS\System32\USER32.dll
0x00007ff94dca0000 - 0x00007ff94dcc2000 	C:\WINDOWS\System32\win32u.dll
0x00007ff934290000 - 0x00007ff93452a000 	C:\WINDOWS\WinSxS\amd64_microsoft.windows.common-controls_6595b64144ccf1df_6.0.19041.4355_none_60b8b9eb71f62e16\COMCTL32.dll
0x00007ff94fbf0000 - 0x00007ff94fc1b000 	C:\WINDOWS\System32\GDI32.dll
0x00007ff94e150000 - 0x00007ff94e1ee000 	C:\WINDOWS\System32\msvcrt.dll
0x00007ff94dfc0000 - 0x00007ff94e0d7000 	C:\WINDOWS\System32\gdi32full.dll
0x00007ff94d8b0000 - 0x00007ff94d94d000 	C:\WINDOWS\System32\msvcp_win.dll
0x00007ff94f530000 - 0x00007ff94f55f000 	C:\WINDOWS\System32\IMM32.DLL
0x00007ff949000000 - 0x00007ff94900c000 	C:\Program Files\Eclipse Adoptium\jdk-21.0.2.13-hotspot\bin\vcruntime140_1.dll
0x00007ff91cf90000 - 0x00007ff91d01e000 	C:\Program Files\Eclipse Adoptium\jdk-21.0.2.13-hotspot\bin\msvcp140.dll
0x00007ff8f5bc0000 - 0x00007ff8f6943000 	C:\Program Files\Eclipse Adoptium\jdk-21.0.2.13-hotspot\bin\server\jvm.dll
0x00007ff94fc20000 - 0x00007ff94fcd0000 	C:\WINDOWS\System32\ADVAPI32.dll
0x00007ff94f140000 - 0x00007ff94f1e0000 	C:\WINDOWS\System32\sechost.dll
0x00007ff94e960000 - 0x00007ff94ea83000 	C:\WINDOWS\System32\RPCRT4.dll
0x00007ff94d7d0000 - 0x00007ff94d7f7000 	C:\WINDOWS\System32\bcrypt.dll
0x00007ff94f1e0000 - 0x00007ff94f24b000 	C:\WINDOWS\System32\WS2_32.dll
0x00007ff94d570000 - 0x00007ff94d5bb000 	C:\WINDOWS\SYSTEM32\POWRPROF.dll
0x00007ff944f10000 - 0x00007ff944f1a000 	C:\WINDOWS\SYSTEM32\VERSION.dll
0x00007ff94ab70000 - 0x00007ff94ab97000 	C:\WINDOWS\SYSTEM32\WINMM.dll
0x00007ff94d550000 - 0x00007ff94d562000 	C:\WINDOWS\SYSTEM32\UMPDC.dll
0x00007ff94bfe0000 - 0x00007ff94bff2000 	C:\WINDOWS\SYSTEM32\kernel.appcore.dll
0x00007ff9472c0000 - 0x00007ff9472ca000 	C:\Program Files\Eclipse Adoptium\jdk-21.0.2.13-hotspot\bin\jimage.dll
0x00007ff94bc40000 - 0x00007ff94be24000 	C:\WINDOWS\SYSTEM32\DBGHELP.DLL
0x00007ff94aa50000 - 0x00007ff94aa84000 	C:\WINDOWS\SYSTEM32\dbgcore.DLL
0x00007ff94df30000 - 0x00007ff94dfb2000 	C:\WINDOWS\System32\bcryptPrimitives.dll
0x00007ff947260000 - 0x00007ff94727f000 	C:\Program Files\Eclipse Adoptium\jdk-21.0.2.13-hotspot\bin\java.dll
0x00007ff94e1f0000 - 0x00007ff94e95c000 	C:\WINDOWS\System32\SHELL32.dll
0x00007ff94b4a0000 - 0x00007ff94bc3d000 	C:\WINDOWS\SYSTEM32\windows.storage.dll
0x00007ff94ebc0000 - 0x00007ff94ef13000 	C:\WINDOWS\System32\combase.dll
0x00007ff94d180000 - 0x00007ff94d1ae000 	C:\WINDOWS\SYSTEM32\Wldp.dll
0x00007ff94ea90000 - 0x00007ff94eb5d000 	C:\WINDOWS\System32\OLEAUT32.dll
0x00007ff94ffa0000 - 0x00007ff95004d000 	C:\WINDOWS\System32\SHCORE.dll
0x00007ff94f0e0000 - 0x00007ff94f135000 	C:\WINDOWS\System32\shlwapi.dll
0x00007ff94d700000 - 0x00007ff94d724000 	C:\WINDOWS\SYSTEM32\profapi.dll
0x00007ff91ceb0000 - 0x00007ff91cf87000 	C:\Program Files\Eclipse Adoptium\jdk-21.0.2.13-hotspot\bin\jsvml.dll
0x00007ff947250000 - 0x00007ff947260000 	C:\Program Files\Eclipse Adoptium\jdk-21.0.2.13-hotspot\bin\net.dll
0x00007ff9449b0000 - 0x00007ff944aba000 	C:\WINDOWS\SYSTEM32\WINHTTP.dll
0x00007ff94ce80000 - 0x00007ff94ceea000 	C:\WINDOWS\system32\mswsock.dll
0x00007ff947230000 - 0x00007ff947246000 	C:\Program Files\Eclipse Adoptium\jdk-21.0.2.13-hotspot\bin\nio.dll
0x00007ff946530000 - 0x00007ff946548000 	C:\Program Files\Eclipse Adoptium\jdk-21.0.2.13-hotspot\bin\zip.dll
0x00007ff93df40000 - 0x00007ff93df64000 	C:\Program Files\apache-maven-3.9.8\lib\jansi-native\Windows\x86_64\jansi.dll
0x00007ff944130000 - 0x00007ff944140000 	C:\Program Files\Eclipse Adoptium\jdk-21.0.2.13-hotspot\bin\verify.dll

dbghelp: loaded successfully - version: 4.0.5 - missing functions: none
symbol engine: initialized successfully - sym options: 0x614 - pdb path: .;C:\Program Files\Eclipse Adoptium\jdk-21.0.2.13-hotspot\bin;C:\WINDOWS\SYSTEM32;C:\WINDOWS\WinSxS\amd64_microsoft.windows.common-controls_6595b64144ccf1df_6.0.19041.4355_none_60b8b9eb71f62e16;C:\Program Files\Eclipse Adoptium\jdk-21.0.2.13-hotspot\bin\server;C:\Program Files\apache-maven-3.9.8\lib\jansi-native\Windows\x86_64

VM Arguments:
jvm_args: -Dclassworlds.conf=C:\Program Files\apache-maven-3.9.8\bin\m2.conf -Dmaven.home=C:\Program Files\apache-maven-3.9.8 -Dlibrary.jansi.path=C:\Program Files\apache-maven-3.9.8\lib\jansi-native -Dmaven.multiModuleProjectDirectory=C:\Users\Owner\Documents\taco-cloud 
java_command: org.codehaus.plexus.classworlds.launcher.Launcher clean compile
java_class_path (initial): C:\Program Files\apache-maven-3.9.8\boot\plexus-classworlds-2.8.0.jar
Launcher Type: SUN_STANDARD

[Global flags]
     intx CICompilerCount                          = 4                                         {product} {ergonomic}
     uint ConcGCThreads                            = 3                                         {product} {ergonomic}
     uint G1ConcRefinementThreads                  = 10                                        {product} {ergonomic}
   size_t G1HeapRegionSize                         = 2097152                                   {product} {ergonomic}
    uintx GCDrainStackTargetSize                   = 64                                        {product} {ergonomic}
   size_t InitialHeapSize                          = 257949696                                 {product} {ergonomic}
   size_t MarkStackSize                            = 4194304                                   {product} {ergonomic}
   size_t MaxHeapSize                              = 4118806528                                {product} {ergonomic}
   size_t MaxNewSize                               = 2470445056                                {product} {ergonomic}
   size_t MinHeapDeltaBytes                        = 2097152                                   {product} {ergonomic}
   size_t MinHeapSize                              = 8388608                                   {product} {ergonomic}
    uintx NonNMethodCodeHeapSize                   = 5839372                                {pd product} {ergonomic}
    uintx NonProfiledCodeHeapSize                  = 122909434                              {pd product} {ergonomic}
    uintx ProfiledCodeHeapSize                     = 122909434                              {pd product} {ergonomic}
    uintx ReservedCodeCacheSize                    = 251658240                              {pd product} {ergonomic}
     bool SegmentedCodeCache                       = true                                      {product} {ergonomic}
   size_t SoftMaxHeapSize                          = 4118806528                             {manageable} {ergonomic}
     bool UseCompressedOops                        = true                           {product lp64_product} {ergonomic}
     bool UseG1GC                                  = true                                      {product} {ergonomic}
     bool UseLargePagesIndividualAllocation        = false                                  {pd product} {ergonomic}

Logging:
Log output configuration:
 #0: stdout all=warning uptime,level,tags foldmultilines=false
 #1: stderr all=off uptime,level,tags foldmultilines=false

Environment Variables:
JAVA_HOME=C:\Program Files\Eclipse Adoptium\jdk-21.0.2.13-hotspot
PATH=C:\WINDOWS\system32;C:\WINDOWS;C:\WINDOWS\System32\Wbem;C:\WINDOWS\System32\WindowsPowerShell\v1.0\;C:\WINDOWS\System32\OpenSSH\;C:\Program Files (x86)\Common Files\Acronis\SnapAPI\;C:\Program Files (x86)\Common Files\Acronis\VirtualFile\;C:\Program Files (x86)\Common Files\Acronis\VirtualFile64\;C:\Program Files (x86)\Common Files\Acronis\FileProtector\;C:\Program Files (x86)\Common Files\Acronis\FileProtector64\;C:\Program Files\nodejs\;C:\Program Files\dotnet\;C:\Program Files\Docker\Docker\resources\bin;C:\Program Files\Eclipse Adoptium\jdk-21.0.2.13-hotspot\bin;C:\Program Files\apache-maven-3.9.8\bin;C:\Program Files\Git\cmd\;C:\Program Files\Git\bin\;C:\Program Files\PostgreSQL\16\bin;C:\Program Files\PostgreSQL\16\lib;C:\Program Files (x86)\Windows Kits\10\Windows Performance Toolkit\;C:\Program Files\MySQL\MySQL Shell 8.0\bin\;C:\Users\Owner\AppData\Local\Microsoft\WindowsApps;C:\Users\Owner\AppData\Local\Programs\Microsoft VS Code\bin;C:\Users\Owner\AppData\Roaming\npm;C:\Users\Owner\.dotnet\tools
USERNAME=Owner
OS=Windows_NT
PROCESSOR_IDENTIFIER=AMD64 Family 23 Model 104 Stepping 1, AuthenticAMD
TMP=C:\Users\Owner\AppData\Local\Temp
TEMP=C:\Users\Owner\AppData\Local\Temp




Periodic native trim disabled

---------------  S Y S T E M  ---------------

OS:
 Windows 10 , 64 bit Build 19041 (10.0.19041.3636)
OS uptime: 34 days 18:47 hours
Hyper-V role detected

CPU: total 12 (initial active 12) (12 cores per cpu, 2 threads per core) family 23 model 104 stepping 1 microcode 0x0, cx8, cmov, fxsr, ht, mmx, 3dnowpref, sse, sse2, sse3, ssse3, sse4a, sse4.1, sse4.2, popcnt, lzcnt, tsc, tscinvbit, avx, avx2, aes, clmul, bmi1, bmi2, adx, sha, fma, vzeroupper, clflush, clflushopt, hv, rdtscp, rdpid, f16c
Processor Information for all 12 processors :
  Max Mhz: 2100, Current Mhz: 2100, Mhz Limit: 2100

Memory: 4k page, system-wide physical 15709M (758M free)
TotalPageFile size 64861M (AvailPageFile size 2M)
current process WorkingSet (physical memory assigned to process): 183M, peak: 184M
current process commit charge ("private bytes"): 392M, peak: 395M

vm_info: OpenJDK 64-Bit Server VM (21.0.2+13-LTS) for windows-amd64 JRE (21.0.2+13-LTS), built on 2024-01-16T00:00:00Z by "admin" with unknown MS VC++:1937

END.
