2024-08-24 08:41:51 INFO  o.s.t.c.s.AnnotationConfigContextLoaderUtils - Could not detect default configuration classes for test class [tacos.TacoCloudApplicationTests]: TacoCloudApplicationTests does not declare any static, non-private, non-final, nested classes annotated with @Configuration.
2024-08-24 08:41:52 INFO  o.s.b.t.c.SpringBootTestContextBootstrapper - Found @SpringBootConfiguration tacos.TacoCloudApplication for test class tacos.TacoCloudApplicationTests
2024-08-24 08:41:52 INFO  o.s.b.d.r.RestartApplicationListener - Restart disabled due to context in which it is running
2024-08-24 08:41:52 INFO  o.h.validator.internal.util.Version - HV000001: Hibernate Validator 8.0.1.Final
2024-08-24 08:41:52 INFO  tacos.TacoCloudApplicationTests - Starting TacoCloudApplicationTests using Java 21.0.2 with PID 2800 (started by Owner in C:\Users\Owner\Documents\taco-cloud)
2024-08-24 08:41:52 INFO  tacos.TacoCloudApplicationTests - No active profile set, falling back to 1 default profile: "default"
2024-08-24 08:41:54 INFO  o.s.d.r.c.RepositoryConfigurationDelegate - Bootstrapping Spring Data R2DBC repositories in DEFAULT mode.
2024-08-24 08:41:54 INFO  o.s.d.r.c.RepositoryConfigurationDelegate - Finished Spring Data repository scanning in 213 ms. Found 4 R2DBC repository interfaces.
2024-08-24 08:41:54 DEBUG o.s.i.c.IntegrationComponentScanRegistrar$1 - Identified candidate component class: file [C:\Users\Owner\Documents\taco-cloud\target\classes\tacos\integration\FileWriterGateWay.class]
2024-08-24 08:41:54 DEBUG o.s.i.c.DefaultConfiguringBeanFactoryPostProcessor - SpEL function '#xpath' isn't registered: there is no spring-integration-xml.jar on the classpath.
2024-08-24 08:41:54 INFO  o.s.i.c.DefaultConfiguringBeanFactoryPostProcessor - No bean named 'errorChannel' has been explicitly defined. Therefore, a default PublishSubscribeChannel will be created.
2024-08-24 08:41:54 INFO  o.s.i.c.DefaultConfiguringBeanFactoryPostProcessor - No bean named 'integrationHeaderChannelRegistry' has been explicitly defined. Therefore, a default DefaultHeaderChannelRegistry will be created.
2024-08-24 08:41:58 INFO  o.s.s.web.DefaultSecurityFilterChain - Will secure any request with [org.springframework.security.web.session.DisableEncodeUrlFilter@38a27ace, org.springframework.security.web.context.request.async.WebAsyncManagerIntegrationFilter@41289e88, org.springframework.security.web.context.SecurityContextHolderFilter@3186f8f5, org.springframework.security.web.header.HeaderWriterFilter@6c737fdb, org.springframework.web.filter.CorsFilter@7e8783b0, org.springframework.security.web.authentication.logout.LogoutFilter@7ea039b4, org.springframework.security.oauth2.client.web.OAuth2AuthorizationRequestRedirectFilter@1237cade, org.springframework.security.oauth2.client.web.OAuth2LoginAuthenticationFilter@71f10042, org.springframework.security.web.savedrequest.RequestCacheAwareFilter@69a3bf40, org.springframework.security.web.servletapi.SecurityContextHolderAwareRequestFilter@2c731a16, org.springframework.security.web.authentication.AnonymousAuthenticationFilter@788d9139, org.springframework.security.web.access.ExceptionTranslationFilter@56a72887, tacos.web.ProhibitFilter@53d2f0ec, tacos.web.RobotAuthenticationFilter@560be8c0, org.springframework.security.web.access.intercept.AuthorizationFilter@77401977]
2024-08-24 08:41:59 DEBUG o.s.i.c.GlobalChannelInterceptorProcessor - No global channel interceptors.
2024-08-24 08:41:59 INFO  o.s.i.endpoint.EventDrivenConsumer - Adding {logging-channel-adapter:_org.springframework.integration.errorLogger} as a subscriber to the 'errorChannel' channel
2024-08-24 08:41:59 INFO  o.s.i.c.PublishSubscribeChannel - Channel 'taco-cloud.errorChannel' has 1 subscriber(s).
2024-08-24 08:41:59 INFO  o.s.i.endpoint.EventDrivenConsumer - started bean '_org.springframework.integration.errorLogger'
2024-08-24 08:41:59 INFO  o.s.i.g.GatewayProxyFactoryBean$MethodInvocationGateway - started bean 'fileWriterGateWay#writeToFile(String, String)'
2024-08-24 08:41:59 INFO  o.s.i.g.AnnotationGatewayProxyFactoryBean - started bean 'fileWriterGateWay'; defined in: 'file [C:\Users\Owner\Documents\taco-cloud\target\classes\tacos\integration\FileWriterGateWay.class]'; from source: 'file [C:\Users\Owner\Documents\taco-cloud\target\classes\tacos\integration\FileWriterGateWay.class]'
2024-08-24 08:41:59 DEBUG o.s.i.c.IntegrationConfigurationReport - 
Spring Integration global properties:

spring.integration.channels.autoCreate=true
spring.integration.channels.error.requireSubscribers=true
spring.integration.taskScheduler.poolSize=10
spring.integration.readOnly.headers=
spring.integration.channels.maxUnicastSubscribers=2147483647
spring.integration.endpoints.noAutoStartup=
spring.integration.channels.error.ignoreFailures=true
spring.integration.messagingTemplate.throwExceptionOnLateReply=false
spring.integration.channels.maxBroadcastSubscribers=2147483647
spring.integration.endpoints.defaultTimeout=30000

2024-08-24 08:41:59 INFO  tacos.TacoCloudApplicationTests - Started TacoCloudApplicationTests in 7.089 seconds (process running for 9.159)
2024-08-24 08:42:00 INFO  reactor.Flux.SubscribeOn.1 - onSubscribe(FluxSubscribeOn.SubscribeOnSubscriber)
2024-08-24 08:42:00 INFO  reactor.Flux.SubscribeOn.1 - request(32)
2024-08-24 08:42:00 INFO  reactor.Flux.SubscribeOn.2 - onSubscribe(FluxSubscribeOn.SubscribeOnSubscriber)
2024-08-24 08:42:00 INFO  reactor.Flux.SubscribeOn.2 - request(32)
2024-08-24 08:42:00 INFO  reactor.Flux.SubscribeOn.1 - onNext(APPLE)
2024-08-24 08:42:00 INFO  reactor.Flux.SubscribeOn.2 - onNext(KIWI)
2024-08-24 08:42:00 INFO  reactor.Flux.SubscribeOn.1 - onNext(ORANGE)
2024-08-24 08:42:00 INFO  reactor.Flux.SubscribeOn.2 - onNext(STRAWBERRY)
2024-08-24 08:42:00 INFO  reactor.Flux.SubscribeOn.1 - onNext(BANANA)
2024-08-24 08:42:00 INFO  reactor.Flux.SubscribeOn.1 - onComplete()
2024-08-24 08:42:00 INFO  reactor.Flux.SubscribeOn.2 - onComplete()
2024-08-24 08:42:00 INFO  o.s.i.g.GatewayProxyFactoryBean$MethodInvocationGateway - stopped bean 'fileWriterGateWay#writeToFile(String, String)'
2024-08-24 08:42:00 INFO  o.s.i.g.AnnotationGatewayProxyFactoryBean - stopped bean 'fileWriterGateWay'; defined in: 'file [C:\Users\Owner\Documents\taco-cloud\target\classes\tacos\integration\FileWriterGateWay.class]'; from source: 'file [C:\Users\Owner\Documents\taco-cloud\target\classes\tacos\integration\FileWriterGateWay.class]'
2024-08-24 08:42:00 INFO  o.s.i.endpoint.EventDrivenConsumer - Removing {logging-channel-adapter:_org.springframework.integration.errorLogger} as a subscriber to the 'errorChannel' channel
2024-08-24 08:42:00 INFO  o.s.i.c.PublishSubscribeChannel - Channel 'taco-cloud.errorChannel' has 0 subscriber(s).
2024-08-24 08:42:00 INFO  o.s.i.endpoint.EventDrivenConsumer - stopped bean '_org.springframework.integration.errorLogger'
2024-08-24 08:50:29 INFO  o.s.t.c.s.AnnotationConfigContextLoaderUtils - Could not detect default configuration classes for test class [tacos.TacoCloudApplicationTests]: TacoCloudApplicationTests does not declare any static, non-private, non-final, nested classes annotated with @Configuration.
2024-08-24 08:50:29 INFO  o.s.b.t.c.SpringBootTestContextBootstrapper - Found @SpringBootConfiguration tacos.TacoCloudApplication for test class tacos.TacoCloudApplicationTests
2024-08-24 08:50:30 INFO  o.s.b.d.r.RestartApplicationListener - Restart disabled due to context in which it is running
2024-08-24 08:50:30 INFO  o.h.validator.internal.util.Version - HV000001: Hibernate Validator 8.0.1.Final
2024-08-24 08:50:30 INFO  tacos.TacoCloudApplicationTests - Starting TacoCloudApplicationTests using Java 21.0.2 with PID 13324 (started by Owner in C:\Users\Owner\Documents\taco-cloud)
2024-08-24 08:50:30 INFO  tacos.TacoCloudApplicationTests - No active profile set, falling back to 1 default profile: "default"
2024-08-24 08:50:32 INFO  o.s.d.r.c.RepositoryConfigurationDelegate - Bootstrapping Spring Data R2DBC repositories in DEFAULT mode.
2024-08-24 08:50:32 INFO  o.s.d.r.c.RepositoryConfigurationDelegate - Finished Spring Data repository scanning in 275 ms. Found 4 R2DBC repository interfaces.
2024-08-24 08:50:32 DEBUG o.s.i.c.DefaultConfiguringBeanFactoryPostProcessor - SpEL function '#xpath' isn't registered: there is no spring-integration-xml.jar on the classpath.
2024-08-24 08:50:32 INFO  o.s.i.c.DefaultConfiguringBeanFactoryPostProcessor - No bean named 'errorChannel' has been explicitly defined. Therefore, a default PublishSubscribeChannel will be created.
2024-08-24 08:50:32 INFO  o.s.i.c.DefaultConfiguringBeanFactoryPostProcessor - No bean named 'integrationHeaderChannelRegistry' has been explicitly defined. Therefore, a default DefaultHeaderChannelRegistry will be created.
2024-08-24 08:50:36 INFO  o.s.s.web.DefaultSecurityFilterChain - Will secure any request with [org.springframework.security.web.session.DisableEncodeUrlFilter@19e5e110, org.springframework.security.web.context.request.async.WebAsyncManagerIntegrationFilter@1e295f7f, org.springframework.security.web.context.SecurityContextHolderFilter@5e3d84a, org.springframework.security.web.header.HeaderWriterFilter@60484429, org.springframework.web.filter.CorsFilter@4b762988, org.springframework.security.web.authentication.logout.LogoutFilter@a4dcede, org.springframework.security.oauth2.client.web.OAuth2AuthorizationRequestRedirectFilter@3346e906, org.springframework.security.oauth2.client.web.OAuth2LoginAuthenticationFilter@753e4eb5, org.springframework.security.web.savedrequest.RequestCacheAwareFilter@4fce3ed7, org.springframework.security.web.servletapi.SecurityContextHolderAwareRequestFilter@54033a65, org.springframework.security.web.authentication.AnonymousAuthenticationFilter@24f2608b, org.springframework.security.web.access.ExceptionTranslationFilter@1aaf73b7, tacos.web.ProhibitFilter@12a9e864, tacos.web.RobotAuthenticationFilter@462f8fe9, org.springframework.security.web.access.intercept.AuthorizationFilter@7f792530]
2024-08-24 08:50:37 DEBUG o.s.i.c.GlobalChannelInterceptorProcessor - No global channel interceptors.
2024-08-24 08:50:37 INFO  o.s.i.endpoint.EventDrivenConsumer - Adding {logging-channel-adapter:_org.springframework.integration.errorLogger} as a subscriber to the 'errorChannel' channel
2024-08-24 08:50:37 INFO  o.s.i.c.PublishSubscribeChannel - Channel 'taco-cloud.errorChannel' has 1 subscriber(s).
2024-08-24 08:50:37 INFO  o.s.i.endpoint.EventDrivenConsumer - started bean '_org.springframework.integration.errorLogger'
2024-08-24 08:50:37 DEBUG o.s.i.c.IntegrationConfigurationReport - 
Spring Integration global properties:

spring.integration.channels.autoCreate=true
spring.integration.channels.error.requireSubscribers=true
spring.integration.taskScheduler.poolSize=10
spring.integration.readOnly.headers=
spring.integration.channels.maxUnicastSubscribers=2147483647
spring.integration.endpoints.noAutoStartup=
spring.integration.channels.error.ignoreFailures=true
spring.integration.messagingTemplate.throwExceptionOnLateReply=false
spring.integration.channels.maxBroadcastSubscribers=2147483647
spring.integration.endpoints.defaultTimeout=30000

2024-08-24 08:50:37 INFO  tacos.TacoCloudApplicationTests - Started TacoCloudApplicationTests in 7.885 seconds (process running for 10.358)
2024-08-24 08:50:39 INFO  reactor.Flux.SubscribeOn.1 - onSubscribe(FluxSubscribeOn.SubscribeOnSubscriber)
2024-08-24 08:50:39 INFO  reactor.Flux.SubscribeOn.1 - request(32)
2024-08-24 08:50:39 INFO  reactor.Flux.SubscribeOn.2 - onSubscribe(FluxSubscribeOn.SubscribeOnSubscriber)
2024-08-24 08:50:39 INFO  reactor.Flux.SubscribeOn.2 - request(32)
2024-08-24 08:50:39 INFO  reactor.Flux.SubscribeOn.2 - onNext(KIWI)
2024-08-24 08:50:39 INFO  reactor.Flux.SubscribeOn.1 - onNext(APPLE)
2024-08-24 08:50:39 INFO  reactor.Flux.SubscribeOn.1 - onNext(ORANGE)
2024-08-24 08:50:39 INFO  reactor.Flux.SubscribeOn.2 - onNext(STRAWBERRY)
2024-08-24 08:50:39 INFO  reactor.Flux.SubscribeOn.1 - onNext(BANANA)
2024-08-24 08:50:39 INFO  reactor.Flux.SubscribeOn.2 - onComplete()
2024-08-24 08:50:39 INFO  reactor.Flux.SubscribeOn.1 - onComplete()
2024-08-24 08:50:39 INFO  o.s.i.endpoint.EventDrivenConsumer - Removing {logging-channel-adapter:_org.springframework.integration.errorLogger} as a subscriber to the 'errorChannel' channel
2024-08-24 08:50:39 INFO  o.s.i.c.PublishSubscribeChannel - Channel 'taco-cloud.errorChannel' has 0 subscriber(s).
2024-08-24 08:50:39 INFO  o.s.i.endpoint.EventDrivenConsumer - stopped bean '_org.springframework.integration.errorLogger'
2024-08-24 08:52:48 INFO  o.s.t.c.s.AnnotationConfigContextLoaderUtils - Could not detect default configuration classes for test class [tacos.TacoCloudApplicationTests]: TacoCloudApplicationTests does not declare any static, non-private, non-final, nested classes annotated with @Configuration.
2024-08-24 08:52:48 INFO  o.s.b.t.c.SpringBootTestContextBootstrapper - Found @SpringBootConfiguration tacos.TacoCloudApplication for test class tacos.TacoCloudApplicationTests
2024-08-24 08:52:48 INFO  o.s.b.d.r.RestartApplicationListener - Restart disabled due to context in which it is running
2024-08-24 08:52:49 INFO  o.h.validator.internal.util.Version - HV000001: Hibernate Validator 8.0.1.Final
2024-08-24 08:52:49 INFO  tacos.TacoCloudApplicationTests - Starting TacoCloudApplicationTests using Java 21.0.2 with PID 31872 (started by Owner in C:\Users\Owner\Documents\taco-cloud)
2024-08-24 08:52:49 INFO  tacos.TacoCloudApplicationTests - No active profile set, falling back to 1 default profile: "default"
2024-08-24 08:52:50 INFO  o.s.d.r.c.RepositoryConfigurationDelegate - Bootstrapping Spring Data R2DBC repositories in DEFAULT mode.
2024-08-24 08:52:50 INFO  o.s.d.r.c.RepositoryConfigurationDelegate - Finished Spring Data repository scanning in 230 ms. Found 4 R2DBC repository interfaces.
2024-08-24 08:52:51 DEBUG o.s.i.c.DefaultConfiguringBeanFactoryPostProcessor - SpEL function '#xpath' isn't registered: there is no spring-integration-xml.jar on the classpath.
2024-08-24 08:52:51 INFO  o.s.i.c.DefaultConfiguringBeanFactoryPostProcessor - No bean named 'errorChannel' has been explicitly defined. Therefore, a default PublishSubscribeChannel will be created.
2024-08-24 08:52:51 INFO  o.s.i.c.DefaultConfiguringBeanFactoryPostProcessor - No bean named 'integrationHeaderChannelRegistry' has been explicitly defined. Therefore, a default DefaultHeaderChannelRegistry will be created.
2024-08-24 08:52:54 INFO  o.s.s.web.DefaultSecurityFilterChain - Will secure any request with [org.springframework.security.web.session.DisableEncodeUrlFilter@320770d7, org.springframework.security.web.context.request.async.WebAsyncManagerIntegrationFilter@4769378c, org.springframework.security.web.context.SecurityContextHolderFilter@3c9971af, org.springframework.security.web.header.HeaderWriterFilter@39403943, org.springframework.web.filter.CorsFilter@1d6a22dd, org.springframework.security.web.authentication.logout.LogoutFilter@64b8eb96, org.springframework.security.oauth2.client.web.OAuth2AuthorizationRequestRedirectFilter@52bc6fcf, org.springframework.security.oauth2.client.web.OAuth2LoginAuthenticationFilter@1f8d42d1, org.springframework.security.web.savedrequest.RequestCacheAwareFilter@66d61298, org.springframework.security.web.servletapi.SecurityContextHolderAwareRequestFilter@7b9fea11, org.springframework.security.web.authentication.AnonymousAuthenticationFilter@67671db1, org.springframework.security.web.access.ExceptionTranslationFilter@13809363, tacos.web.ProhibitFilter@6e6f5842, tacos.web.RobotAuthenticationFilter@60b4c754, org.springframework.security.web.access.intercept.AuthorizationFilter@50930bff]
2024-08-24 08:52:55 DEBUG o.s.i.c.GlobalChannelInterceptorProcessor - No global channel interceptors.
2024-08-24 08:52:55 INFO  o.s.i.endpoint.EventDrivenConsumer - Adding {logging-channel-adapter:_org.springframework.integration.errorLogger} as a subscriber to the 'errorChannel' channel
2024-08-24 08:52:55 INFO  o.s.i.c.PublishSubscribeChannel - Channel 'taco-cloud.errorChannel' has 1 subscriber(s).
2024-08-24 08:52:55 INFO  o.s.i.endpoint.EventDrivenConsumer - started bean '_org.springframework.integration.errorLogger'
2024-08-24 08:52:55 DEBUG o.s.i.c.IntegrationConfigurationReport - 
Spring Integration global properties:

spring.integration.channels.autoCreate=true
spring.integration.channels.error.requireSubscribers=true
spring.integration.taskScheduler.poolSize=10
spring.integration.readOnly.headers=
spring.integration.channels.maxUnicastSubscribers=2147483647
spring.integration.endpoints.noAutoStartup=
spring.integration.channels.error.ignoreFailures=true
spring.integration.messagingTemplate.throwExceptionOnLateReply=false
spring.integration.channels.maxBroadcastSubscribers=2147483647
spring.integration.endpoints.defaultTimeout=30000

2024-08-24 08:52:55 INFO  tacos.TacoCloudApplicationTests - Started TacoCloudApplicationTests in 7.034 seconds (process running for 8.902)
2024-08-24 08:52:56 INFO  reactor.Flux.SubscribeOn.1 - onSubscribe(FluxSubscribeOn.SubscribeOnSubscriber)
2024-08-24 08:52:56 INFO  reactor.Flux.SubscribeOn.1 - request(32)
2024-08-24 08:52:56 INFO  reactor.Flux.SubscribeOn.2 - onSubscribe(FluxSubscribeOn.SubscribeOnSubscriber)
2024-08-24 08:52:56 INFO  reactor.Flux.SubscribeOn.2 - request(32)
2024-08-24 08:52:56 INFO  reactor.Flux.SubscribeOn.1 - onNext(APPLE)
2024-08-24 08:52:56 INFO  reactor.Flux.SubscribeOn.2 - onNext(KIWI)
2024-08-24 08:52:56 INFO  reactor.Flux.SubscribeOn.1 - onNext(ORANGE)
2024-08-24 08:52:56 INFO  reactor.Flux.SubscribeOn.1 - onNext(BANANA)
2024-08-24 08:52:56 INFO  reactor.Flux.SubscribeOn.1 - onComplete()
2024-08-24 08:52:56 INFO  reactor.Flux.SubscribeOn.2 - onNext(STRAWBERRY)
2024-08-24 08:52:56 INFO  reactor.Flux.SubscribeOn.2 - onComplete()
2024-08-24 08:52:56 INFO  o.s.i.endpoint.EventDrivenConsumer - Removing {logging-channel-adapter:_org.springframework.integration.errorLogger} as a subscriber to the 'errorChannel' channel
2024-08-24 08:52:56 INFO  o.s.i.c.PublishSubscribeChannel - Channel 'taco-cloud.errorChannel' has 0 subscriber(s).
2024-08-24 08:52:56 INFO  o.s.i.endpoint.EventDrivenConsumer - stopped bean '_org.springframework.integration.errorLogger'
